No GPU on this node, CUDA module not loaded
building_id,mean_temp,std_temp,pct_above_18,pct_below_15
10000,14.014429045743501,6.367526498176673,30.95005605583885,55.509746482948174
10009,11.005657766426127,5.810154731039187,16.68006834857775,74.94848728515429
10014,14.751924504949052,7.033246958573728,38.283015410924044,52.78088801123756
10019,14.743706641786371,7.025611980430939,38.16746523433129,52.90180160934273
10029,10.619289931608774,6.3148731018788675,18.25563221896085,74.51301795448481
10031,12.513178863475895,6.277256833355241,24.065344842824736,66.36419880387709
10051,13.28955814966487,5.999055249820978,25.97693550756574,62.85625091817247
10053,11.370477800464068,6.260128104463442,19.953279266572636,72.40391396332863
10056,14.220753871990556,6.179434290539208,31.767059586893048,57.05634259759922
10064,12.723476403675553,6.964215943332552,28.821521314153998,62.72478822007606
10075,15.166230737933622,6.441752556323346,39.20810882430881,47.36330712834555
10079,15.100198003690517,7.312182135059288,41.920340705609064,49.411024536611336
10080,15.783509517901852,7.278647520971813,46.392217182157516,44.6845823005555
10082,16.47391175831698,6.709807700074735,48.685221184391445,40.51491157365701
10083,15.640788576769664,7.120730340785142,44.86297793624036,45.883370877030714
10084,15.102072334043783,7.150199701817801,40.915524770365906,50.257491341665414
10085,15.8705019646578,7.192157373686337,46.18868243958183,44.71579125576671
10086,14.396485249031594,7.214160679149268,37.2730787820203,53.003383276945385
10087,15.080518446511856,7.272042493333494,41.55495222974814,49.86613056262741
10089,13.99760956677904,7.272693599131434,35.486982589864105,56.33091552159482
10090,14.291030010886681,6.61930093863041,36.64966380709483,51.19406445629492
10093,14.10165176895596,6.565556750328087,33.402300842775745,56.41722815607601
10094,14.20063297975554,6.759094507862039,35.391014064466695,54.899578613254526
10097,14.355547154444048,6.863281525169854,37.82068020105751,51.29740844702657
10117,15.466541784571696,6.682411876603327,44.11904941152852,44.470375668147256
10119,14.088689702186024,6.75179228230575,35.08269240436334,54.69511888604032
10120,15.282199071747796,8.031605156234313,46.168775716171105,47.71627461636002
10124,13.867500390828514,7.032083646227961,34.567923377694875,56.056964522724826
10126,13.398088460056124,6.636394898165441,29.664666431344866,61.0854218143311
10128,17.427813688659683,6.706472849198192,56.035537585784965,34.875246049901584
10136,15.426782644403048,7.273125343033179,44.32657419399488,46.87830583210575
10144,12.113394160450488,6.126771830721333,21.82306572274941,68.88713159612392
10145,10.65625347491523,5.89198945464824,16.581253361171743,75.27284805921988
10150,14.962139275911559,7.494794314469287,41.201342655267695,50.731598761196516
10161,13.450090748774931,7.03002274895344,31.816561720327908,59.462991564690505
10165,13.054419181379684,6.7322710823307705,29.06666666666667,62.0559670781893
10167,13.232996644684894,6.814131692105518,30.19433981132704,60.84869495649855
10168,13.193753555371973,6.900479551268551,30.325593764023466,60.48332142204198
10174,16.59799746309943,6.96204167195544,49.49972381678215,41.26456953873907
10176,16.67157356808555,6.84785779046965,49.85116977772832,40.62995521183965
10177,16.639165125427905,6.77927683636264,49.18810741345613,40.86905303740194
10180,16.507906116879187,6.856443030663005,48.27672499546424,42.028640961955944
10182,16.73755347367862,6.319964838541981,50.88382945626812,37.516792759669094
10198,14.434156436550008,7.3434969529709795,38.653566229985444,53.19703586079132
10199,17.248335017581276,6.977478067937697,53.92731147779697,37.64288503670168
10200,12.828872483948706,7.2571079729980426,30.687041286705423,61.64236921862351
10201,15.955290031827694,7.27160035180494,47.07902884145348,44.631578947368425
10202,13.550258573257965,7.49547842836299,34.053720897866675,58.632390268471944
10203,16.810298704253995,6.612831546482125,51.25059741914928,38.8621156603473
10204,14.769253886610867,7.0635588672839305,39.05145378195928,51.7149045872535

Total computation time for 50 floors: 13.7141 s
Average computation per floor: 0.2743 s

------------------------------------------------------------
Sender: LSF System <lsfadmin@hpc.dtu.dk>
Subject: Job 28334048: <Ex_11> in cluster <dcc> Done

Job <Ex_11> was submitted from host <hpclogin1> by user <s254388> in cluster <dcc> at Fri May  1 12:14:27 2026
Job was executed on host(s) <24*n-62-31-16>, in queue <hpc>, as user <s254388> in cluster <dcc> at Fri May  1 15:03:28 2026
</zhome/94/4/224742> was used as the home directory.
</zhome/94/4/224742/proyecto_hpc/Exercise_11> was used as the working directory.
Started at Fri May  1 15:03:28 2026
Terminated at Fri May  1 15:03:46 2026
Results reported at Fri May  1 15:03:46 2026

Your job looked like:

------------------------------------------------------------
# LSBATCH: User input
#!/bin/sh
#BSUB -J Ex_11
#BSUB -q hpc
#BSUB -n 24                          # número de cores (= n_workers)
#BSUB -W 00:30
#BSUB -R "span[hosts=1]"             # IMPORTANTE: todos los cores en 1 nodo
#BSUB -R "rusage[mem=4096]"          # memoria POR core (4GB × 16 = 64GB total)
#BSUB -R "select[model == XeonGold6126]"
#BSUB -o %J.out
#BSUB -e %J.err

source /dtu/projects/02613_2025/conda/conda_init.sh
conda activate 02613_2026

# $LSB_DJOB_NUMPROC contiene automáticamente el nº de cores asignados por LSF
python simulate_11.py 50 24
------------------------------------------------------------

Successfully completed.

Resource usage summary:

    CPU time :                                   160.31 sec.
    Max Memory :                                 1120 MB
    Average Memory :                             1120.00 MB
    Total Requested Memory :                     98304.00 MB
    Delta Memory :                               97184.00 MB
    Max Swap :                                   -
    Max Processes :                              28
    Max Threads :                                32
    Run time :                                   18 sec.
    Turnaround time :                            10159 sec.

The output (if any) is above this job summary.



PS:

Read file <28334048.err> for stderr output of this job.

