No GPU on this node, CUDA module not loaded

Total computation time for 50 floors: 0.4084 s
Average computation per floor: 0.0082 s

------------------------------------------------------------
Sender: LSF System <lsfadmin@hpc.dtu.dk>
Subject: Job 28326030: <Ex_7> in cluster <dcc> Done

Job <Ex_7> was submitted from host <hpclogin1> by user <s254388> in cluster <dcc> at Wed Apr 29 14:14:06 2026
Job was executed on host(s) <n-62-31-5>, in queue <hpc>, as user <s254388> in cluster <dcc> at Wed Apr 29 14:14:08 2026
</zhome/94/4/224742> was used as the home directory.
</zhome/94/4/224742/proyecto_hpc/Exercise_7> was used as the working directory.
Started at Wed Apr 29 14:14:08 2026
Terminated at Wed Apr 29 14:16:36 2026
Results reported at Wed Apr 29 14:16:36 2026

Your job looked like:

------------------------------------------------------------
# LSBATCH: User input
#!/bin/sh
#BSUB -J Ex_7
#BSUB -q hpc
#BSUB -n 1
#BSUB -W 00:30
#BSUB -R "rusage[mem=2048]"
#BSUB -R "select[model == XeonGold6126]"
#BSUB -o %J.out
#BSUB -e %J.err

# 1. Setup environment
source /dtu/projects/02613_2025/conda/conda_init.sh
conda activate 02613_2026

# 2. Run the script for 50 floorplans
python simulate_7.py 50
------------------------------------------------------------

Successfully completed.

Resource usage summary:

    CPU time :                                   147.67 sec.
    Max Memory :                                 283 MB
    Average Memory :                             260.75 MB
    Total Requested Memory :                     2048.00 MB
    Delta Memory :                               1765.00 MB
    Max Swap :                                   -
    Max Processes :                              4
    Max Threads :                                5
    Run time :                                   148 sec.
    Turnaround time :                            150 sec.

The output (if any) is above this job summary.



PS:

Read file <28326030.err> for stderr output of this job.

