No GPU on this node, CUDA module not loaded

------------------------------------------------------------
Sender: LSF System <lsfadmin@hpc.dtu.dk>
Subject: Job 28163572: <n=100_multiprocessing> in cluster <dcc> Done

Job <n=100_multiprocessing> was submitted from host <n-62-9-40> by user <s253695> in cluster <dcc> at Wed Apr  8 16:43:57 2026
Job was executed on host(s) <12*n-62-29-21>, in queue <hpc>, as user <s253695> in cluster <dcc> at Wed Apr  8 16:43:59 2026
</zhome/16/8/223928> was used as the home directory.
</zhome/16/8/223928/PyHPC/PyHPC-Project/task5> was used as the working directory.
Started at Wed Apr  8 16:43:59 2026
Terminated at Wed Apr  8 17:39:58 2026
Results reported at Wed Apr  8 17:39:58 2026

Your job looked like:

------------------------------------------------------------
# LSBATCH: User input
#!/bin/bash 

#BSUB -J n=100_multiprocessing
#BSUB -q hpc
#BSUB -n 12
#BSUB -W 100
#BSUB -R "rusage[mem=512MB]"
#BSUB -R "span[hosts=1]"
#BSUB -o n=100_multiprocessing_%J.out
#BSUB -e n=100_multiprocessing_%J.err

source /dtu/projects/02613_2025/conda/conda_init.sh
conda activate 02613_2026

python simulate.py 100 1 > n=100_processes=1.txt 
python simulate.py 100 2 > n=100_processes=2.txt
python simulate.py 100 4 > n=100_processes=4.txt
python simulate.py 100 8 > n=100_processes=8.txt
python simulate.py 100 10 > n=100_processes=10.txt
python simulate.py 100 12 > n=100_processes=12.txt
------------------------------------------------------------

Successfully completed.

Resource usage summary:

    CPU time :                                   9847.99 sec.
    Max Memory :                                 187 MB
    Average Memory :                             71.95 MB
    Total Requested Memory :                     6144.00 MB
    Delta Memory :                               5957.00 MB
    Max Swap :                                   -
    Max Processes :                              16
    Max Threads :                                20
    Run time :                                   3359 sec.
    Turnaround time :                            3361 sec.

The output (if any) is above this job summary.



PS:

Read file <n=100_multiprocessing_28163572.err> for stderr output of this job.

