No GPU on this node, CUDA module not loaded
building_id, mean_temp, std_temp, pct_above_18, pct_below_15
10000, 14.01233878811275, 6.367431059312565, 30.941014791508444, 55.542295034537624
10009, 11.000135812436373, 5.811144379826625, 16.6712734948236, 74.9723590310584
10014, 14.744169941950119, 7.037733284673848, 38.26367541377415, 52.80837116508215

Plotting results for 3 buildings...

------------------------------------------------------------
Sender: LSF System <lsfadmin@hpc.dtu.dk>
Subject: Job 28209101: <projectTask1> in cluster <dcc> Done

Job <projectTask1> was submitted from host <n-62-9-41> by user <s252722> in cluster <dcc> at Tue Apr 14 17:38:22 2026
Job was executed on host(s) <n-62-31-22>, in queue <hpc>, as user <s252722> in cluster <dcc> at Tue Apr 14 17:38:23 2026
</zhome/09/4/222813> was used as the home directory.
</zhome/09/4/222813/Desktop/python_hpc/project> was used as the working directory.
Started at Tue Apr 14 17:38:23 2026
Terminated at Tue Apr 14 17:39:02 2026
Results reported at Tue Apr 14 17:39:02 2026

Your job looked like:

------------------------------------------------------------
# LSBATCH: User input
#!/bin/bash

#BSUB -J projectTask1
#BSUB -q hpc
#BSUB -W 30
#BSUB -R "rusage[mem=512MB]"
#BSUB -n 1
#BSUB -R "span[hosts=1]"
#BSUB -o logFiles/jobTask1_%J.out
#BSUB -e logFiles/jobTask1_%J.err

#BSUB -R "select[model == XeonGold6126]"

source /dtu/projects/02613_2025/conda/conda_init.sh
conda activate 02613_2026

python task1.py 3
------------------------------------------------------------

Successfully completed.

Resource usage summary:

    CPU time :                                   37.64 sec.
    Max Memory :                                 70 MB
    Average Memory :                             70.00 MB
    Total Requested Memory :                     512.00 MB
    Delta Memory :                               442.00 MB
    Max Swap :                                   -
    Max Processes :                              4
    Max Threads :                                5
    Run time :                                   39 sec.
    Turnaround time :                            40 sec.

The output (if any) is above this job summary.



PS:

Read file <logFiles/jobTask1_28209101.err> for stderr output of this job.

