No GPU on this node, CUDA module not loaded
building_id, mean_temp, std_temp, pct_above_18, pct_below_15
10000, 14.01233878811275, 6.367431059312565, 30.941014791508444, 55.542295034537624
Time for building 10000: 7.85455 seconds


10009, 11.000135812436373, 5.811144379826625, 16.6712734948236, 74.9723590310584
Time for building 10009: 13.39762 seconds


10014, 14.744169941950119, 7.037733284673848, 38.26367541377415, 52.80837116508215
Time for building 10014: 20.48818 seconds


10019, 14.735524480624482, 7.030325006703675, 38.14915412864569, 52.92926826787113
Time for building 10019: 20.63653 seconds


10029, 10.616037322820358, 6.317331938274926, 18.25563221896085, 74.51301795448481
Time for building 10029: 6.68211 seconds


10031, 12.507072852890545, 6.278432089100354, 24.044722033998173, 66.39513301711693
Time for building 10031: 11.20814 seconds


10051, 13.289039951277402, 5.999085063388632, 25.97693550756574, 62.859923608050536
Time for building 10051: 3.80697 seconds


10053, 11.366493551285709, 6.26121798185875, 19.9510754583921, 72.41052538787024
Time for building 10053: 10.15352 seconds


10056, 14.220114507861702, 6.179461157398302, 31.763454814173965, 57.06174975667784
Time for building 10056: 3.60832 seconds


10064, 12.71696893739585, 6.964227784263683, 28.79137124461432, 62.75688345539249
Time for building 10064: 16.20928 seconds


10075, 15.156939199079357, 6.44052034037085, 39.12088154756647, 47.45605511880576
Time for building 10075: 21.36922 seconds


10079, 15.094353507626135, 7.313911268349323, 41.90001451870493, 49.44974108309539
Time for building 10079: 20.70855 seconds


10080, 15.777740694240359, 7.280585752157965, 46.365765006711015, 44.711034476002
Time for building 10080: 20.58798 seconds


10082, 16.465720758630678, 6.713345052234242, 48.64349722630506, 40.56137689061685
Time for building 10082: 22.02893 seconds


10083, 15.639247995421403, 7.120808056609733, 44.855518923515284, 45.886354482120744
Time for building 10083: 9.78646 seconds


10084, 15.100584697661853, 7.1505418077486445, 40.90648998644782, 50.266526125583496
Time for building 10084: 9.39606 seconds


10085, 15.868862158668058, 7.192791728448739, 46.18303917834116, 44.72566696293788
Time for building 10085: 10.83325 seconds


10086, 14.391525374209257, 7.21561607319371, 37.25664572257129, 53.01884968583857
Time for building 10086: 20.86882 seconds


10087, 15.073205905031166, 7.275519953981684, 41.532405798190645, 49.89713190601896
Time for building 10087: 19.98285 seconds


10089, 13.989763514400206, 7.276278123379982, 35.45861191757374, 56.3640146392669
Time for building 10089: 21.74365 seconds


Total time: 291.45848 seconds

------------------------------------------------------------
Sender: LSF System <lsfadmin@hpc.dtu.dk>
Subject: Job 28219072: <projectTask2> in cluster <dcc> Done

Job <projectTask2> was submitted from host <n-62-27-19> by user <s252722> in cluster <dcc> at Wed Apr 15 15:38:56 2026
Job was executed on host(s) <n-62-31-24>, in queue <hpc>, as user <s252722> in cluster <dcc> at Wed Apr 15 15:38:58 2026
</zhome/09/4/222813> was used as the home directory.
</zhome/09/4/222813/Desktop/python_hpc/project> was used as the working directory.
Started at Wed Apr 15 15:38:58 2026
Terminated at Wed Apr 15 15:43:53 2026
Results reported at Wed Apr 15 15:43:53 2026

Your job looked like:

------------------------------------------------------------
# LSBATCH: User input
#!/bin/bash

#BSUB -J projectTask2
#BSUB -q hpc
#BSUB -W 30
#BSUB -R "rusage[mem=1GB]"
#BSUB -n 1
#BSUB -R "span[hosts=1]"
#BSUB -o logFiles/jobTask2_%J.out
#BSUB -e logFiles/jobTask2_%J.err

#BSUB -R "select[model == XeonGold6126]"

source /dtu/projects/02613_2025/conda/conda_init.sh
conda activate 02613_2026

time python task2.py 20
------------------------------------------------------------

Successfully completed.

Resource usage summary:

    CPU time :                                   293.56 sec.
    Max Memory :                                 143 MB
    Average Memory :                             133.75 MB
    Total Requested Memory :                     1024.00 MB
    Delta Memory :                               881.00 MB
    Max Swap :                                   -
    Max Processes :                              4
    Max Threads :                                5
    Run time :                                   295 sec.
    Turnaround time :                            297 sec.

The output (if any) is above this job summary.



PS:

Read file <logFiles/jobTask2_28219072.err> for stderr output of this job.

