No GPU on this node, CUDA module not loaded

------------------------------------------------------------
Sender: LSF System <lsfadmin@hpc.dtu.dk>
Subject: Job 28313943: <n=50_multiprocessing> in cluster <dcc> Done

Job <n=50_multiprocessing> was submitted from host <n-62-27-19> by user <s253695> in cluster <dcc> at Tue Apr 28 13:22:20 2026
Job was executed on host(s) <24*n-62-31-7>, in queue <hpc>, as user <s253695> in cluster <dcc> at Wed Apr 29 07:19:14 2026
</zhome/16/8/223928> was used as the home directory.
</zhome/16/8/223928/PyHPC/PyHPC-Project/task6> was used as the working directory.
Started at Wed Apr 29 07:19:14 2026
Terminated at Wed Apr 29 07:39:14 2026
Results reported at Wed Apr 29 07:39:14 2026

Your job looked like:

------------------------------------------------------------
# LSBATCH: User input
#!/bin/bash 

#BSUB -J n=50_multiprocessing
#BSUB -q hpc
#BSUB -n 24
#BSUB -W 100
#BSUB -R "rusage[mem=4GB]"
#BSUB -R "span[hosts=1]"
#BSUB -R "select[model == XeonGold6126]"
#BSUB -o n=50_multiprocessing_%J.out
#BSUB -e n=50_multiprocessing_%J.err

source /dtu/projects/02613_2025/conda/conda_init.sh
conda activate 02613_2026

python simulate.py 50 1 > n=50_processes=1.txt 
python simulate.py 50 2 > n=50_processes=2.txt
python simulate.py 50 4 > n=50_processes=4.txt
python simulate.py 50 8 > n=50_processes=8.txt
python simulate.py 50 12 > n=50_processes=12.txt
python simulate.py 50 16 > n=50_processes=16.txt
python simulate.py 50 20 > n=50_processes=20.txt
python simulate.py 50 24 > n=50_processes=24.txt
------------------------------------------------------------

Successfully completed.

Resource usage summary:

    CPU time :                                   5715.35 sec.
    Max Memory :                                 346 MB
    Average Memory :                             158.10 MB
    Total Requested Memory :                     98304.00 MB
    Delta Memory :                               97958.00 MB
    Max Swap :                                   -
    Max Processes :                              28
    Max Threads :                                32
    Run time :                                   1200 sec.
    Turnaround time :                            65814 sec.

The output (if any) is above this job summary.



PS:

Read file <n=50_multiprocessing_28313943.err> for stderr output of this job.

